2017/11/23 13:58:57 
2017/11/23 13:58:57 ## OPEN LOG FILE  boot  0.1.48   20171123 04:58:57.443 ##
2017/11/23 13:58:57 
2017/11/23 13:58:57 [WA214] Config: /Users/kimjihye/Downloads/django-react-blog-master/whatap/whatap.conf
2017/11/23 13:58:57 [WA171] PCODE=4643OID=526759941ONAME=blog-2-106-python
2017/11/23 13:58:57 [WA174] Net TCP: Connect to52.78.224.235:6600
2017/11/23 13:58:58 [WA632] Net UDP: Try to.... localhost:6600
2017/11/23 13:58:58 [WA635] Net UDP: Listener localhost:6600
2017/11/23 13:59:18 
2017/11/23 13:59:18 ## OPEN LOG FILE  boot  0.1.48   20171123 04:59:18.745 ##
2017/11/23 13:59:18 
2017/11/23 13:59:18 [WA827] 0xc42011f040
2017/11/23 13:59:18 [WA214] Config: /Users/kimjihye/Downloads/django-react-blog-master/whatap/whatap.conf
2017/11/23 13:59:18 [WA171] PCODE=4643OID=526759941ONAME=blog-2-106-python
2017/11/23 13:59:18 [WA174] Net TCP: Connect to52.78.224.235:6600
2017/11/23 04:59:19 
2017/11/23 04:59:19 ## OPEN LOG FILE  boot  0.1.48   20171123 04:59:19.212 ##
2017/11/23 04:59:19 
2017/11/23 04:59:19 [WA827] 0xc420101ed0
2017/11/23 04:59:19 [WA214] Config: /Users/kimjihye/Downloads/django-react-blog-master/whatap/whatap.conf
2017/11/23 04:59:19 [WA171] PCODE=4643OID=526759941ONAME=blog-2-106-python
2017/11/23 04:59:19 [WA174] Net TCP: Connect to52.78.224.235:6600
2017/11/23 04:59:20 [WA632] Net UDP: Try to.... localhost:6600
2017/11/23 04:59:20 [WA635] Net UDP: Listener localhost:6600
